<?xml version="1.0" encoding="utf-8"?><testsuites name="pytest tests"><testsuite name="pytest" errors="0" failures="0" skipped="0" tests="7" time="41.607" timestamp="2026-08-08T10:11:25.086718+00:00" hostname="agent-env-bf990382-1303-463d-afa4-e24275c1e61f"><testcase classname="backend.tests.test_face_attendance.TestEnrollFace" name="test_requires_bearer" time="12.255" /><testcase classname="backend.tests.test_face_attendance.TestEnrollFace" name="test_no_face_returns_422" time="5.111" /><testcase classname="backend.tests.test_face_attendance.TestEnrollFace" name="test_enroll_then_persist" time="5.849" /><testcase classname="backend.tests.test_face_attendance.TestMatchFace" name="test_requires_bearer" time="0.119" /><testcase classname="backend.tests.test_face_attendance.TestMatchFace" name="test_invalid_base64_returns_400" time="1.063" /><testcase classname="backend.tests.test_face_attendance.TestMatchFace" name="test_match_after_enroll" time="4.711" /><testcase classname="backend.tests.test_face_attendance.TestMatchFace" name="test_match_creates_attendance_record" time="11.137" /></testsuite></testsuites>